root - INFO - –ù–∞—á–∞–ª–æ —Ä–∞—Å—á–µ—Ç–∞ –¥–ª—è –≥–æ—Ä–æ–¥–∞ MOSCOW.
root - INFO - –°—Ä–µ–¥–Ω–∏–µ –ø–æ–∫–∞–∑–∞—Ç–µ–ª–∏ –≥–æ—Ä–æ–¥–∞ MOSCOW –ø–æ–ª—É—á–µ–Ω—ã.
root - INFO - –°—Ä–µ–¥–Ω–∏–µ –ø–æ–∫–∞–∑–∞—Ç–µ–ª–∏ –≥–æ—Ä–æ–¥–∞ MOSCOW –ø–æ–ª—É—á–µ–Ω—ã.
root - INFO - –°—Ä–µ–¥–Ω–∏–µ –ø–æ–∫–∞–∑–∞—Ç–µ–ª–∏ –≥–æ—Ä–æ–¥–∞ MOSCOW –ø–æ–ª—É—á–µ–Ω—ã.
root - INFO - –°—Ä–µ–¥–Ω–∏–µ –ø–æ–∫–∞–∑–∞—Ç–µ–ª–∏ –≥–æ—Ä–æ–¥–∞ MOSCOW –ø–æ–ª—É—á–µ–Ω—ã.
root - INFO - –°—Ä–µ–¥–Ω–∏–µ –ø–æ–∫–∞–∑–∞—Ç–µ–ª–∏ –≥–æ—Ä–æ–¥–∞ MOSCOW –ø–æ–ª—É—á–µ–Ω—ã.
root - INFO - –ù–∞—á–∞–ª–æ —Ä–∞—Å—á–µ—Ç–∞ –¥–ª—è –≥–æ—Ä–æ–¥–∞ PARIS.
root - INFO - –°—Ä–µ–¥–Ω–∏–µ –ø–æ–∫–∞–∑–∞—Ç–µ–ª–∏ –≥–æ—Ä–æ–¥–∞ PARIS –ø–æ–ª—É—á–µ–Ω—ã.
root - INFO - –°—Ä–µ–¥–Ω–∏–µ –ø–æ–∫–∞–∑–∞—Ç–µ–ª–∏ –≥–æ—Ä–æ–¥–∞ PARIS –ø–æ–ª—É—á–µ–Ω—ã.
root - INFO - –°—Ä–µ–¥–Ω–∏–µ –ø–æ–∫–∞–∑–∞—Ç–µ–ª–∏ –≥–æ—Ä–æ–¥–∞ PARIS –ø–æ–ª—É—á–µ–Ω—ã.
root - INFO - –°—Ä–µ–¥–Ω–∏–µ –ø–æ–∫–∞–∑–∞—Ç–µ–ª–∏ –≥–æ—Ä–æ–¥–∞ PARIS –ø–æ–ª—É—á–µ–Ω—ã.
root - INFO - –°—Ä–µ–¥–Ω–∏–µ –ø–æ–∫–∞–∑–∞—Ç–µ–ª–∏ –≥–æ—Ä–æ–¥–∞ PARIS –ø–æ–ª—É—á–µ–Ω—ã.
root - INFO - –ù–∞—á–∞–ª–æ —Ä–∞—Å—á–µ—Ç–∞ –¥–ª—è –≥–æ—Ä–æ–¥–∞ LONDON.
root - INFO - –°—Ä–µ–¥–Ω–∏–µ –ø–æ–∫–∞–∑–∞—Ç–µ–ª–∏ –≥–æ—Ä–æ–¥–∞ LONDON –ø–æ–ª—É—á–µ–Ω—ã.
root - INFO - –°—Ä–µ–¥–Ω–∏–µ –ø–æ–∫–∞–∑–∞—Ç–µ–ª–∏ –≥–æ—Ä–æ–¥–∞ LONDON –ø–æ–ª—É—á–µ–Ω—ã.
root - INFO - –°—Ä–µ–¥–Ω–∏–µ –ø–æ–∫–∞–∑–∞—Ç–µ–ª–∏ –≥–æ—Ä–æ–¥–∞ LONDON –ø–æ–ª—É—á–µ–Ω—ã.
root - INFO - –°—Ä–µ–¥–Ω–∏–µ –ø–æ–∫–∞–∑–∞—Ç–µ–ª–∏ –≥–æ—Ä–æ–¥–∞ LONDON –ø–æ–ª—É—á–µ–Ω—ã.
root - INFO - –°—Ä–µ–¥–Ω–∏–µ –ø–æ–∫–∞–∑–∞—Ç–µ–ª–∏ –≥–æ—Ä–æ–¥–∞ LONDON –ø–æ–ª—É—á–µ–Ω—ã.
root - INFO - –ù–∞—á–∞–ª–æ —Ä–∞—Å—á–µ—Ç–∞ –¥–ª—è –≥–æ—Ä–æ–¥–∞ BERLIN.
root - INFO - –°—Ä–µ–¥–Ω–∏–µ –ø–æ–∫–∞–∑–∞—Ç–µ–ª–∏ –≥–æ—Ä–æ–¥–∞ BERLIN –ø–æ–ª—É—á–µ–Ω—ã.
root - INFO - –°—Ä–µ–¥–Ω–∏–µ –ø–æ–∫–∞–∑–∞—Ç–µ–ª–∏ –≥–æ—Ä–æ–¥–∞ BERLIN –ø–æ–ª—É—á–µ–Ω—ã.
root - INFO - –°—Ä–µ–¥–Ω–∏–µ –ø–æ–∫–∞–∑–∞—Ç–µ–ª–∏ –≥–æ—Ä–æ–¥–∞ BERLIN –ø–æ–ª—É—á–µ–Ω—ã.
root - INFO - –°—Ä–µ–¥–Ω–∏–µ –ø–æ–∫–∞–∑–∞—Ç–µ–ª–∏ –≥–æ—Ä–æ–¥–∞ BERLIN –ø–æ–ª—É—á–µ–Ω—ã.
root - INFO - –°—Ä–µ–¥–Ω–∏–µ –ø–æ–∫–∞–∑–∞—Ç–µ–ª–∏ –≥–æ—Ä–æ–¥–∞ BERLIN –ø–æ–ª—É—á–µ–Ω—ã.
root - INFO - –ù–∞—á–∞–ª–æ —Ä–∞—Å—á–µ—Ç–∞ –¥–ª—è –≥–æ—Ä–æ–¥–∞ BEIJING.
root - INFO - –°—Ä–µ–¥–Ω–∏–µ –ø–æ–∫–∞–∑–∞—Ç–µ–ª–∏ –≥–æ—Ä–æ–¥–∞ BEIJING –ø–æ–ª—É—á–µ–Ω—ã.
root - INFO - –°—Ä–µ–¥–Ω–∏–µ –ø–æ–∫–∞–∑–∞—Ç–µ–ª–∏ –≥–æ—Ä–æ–¥–∞ BEIJING –ø–æ–ª—É—á–µ–Ω—ã.
root - INFO - –°—Ä–µ–¥–Ω–∏–µ –ø–æ–∫–∞–∑–∞—Ç–µ–ª–∏ –≥–æ—Ä–æ–¥–∞ BEIJING –ø–æ–ª—É—á–µ–Ω—ã.
root - INFO - –°—Ä–µ–¥–Ω–∏–µ –ø–æ–∫–∞–∑–∞—Ç–µ–ª–∏ –≥–æ—Ä–æ–¥–∞ BEIJING –ø–æ–ª—É—á–µ–Ω—ã.
root - INFO - –°—Ä–µ–¥–Ω–∏–µ –ø–æ–∫–∞–∑–∞—Ç–µ–ª–∏ –≥–æ—Ä–æ–¥–∞ BEIJING –ø–æ–ª—É—á–µ–root - INFO - –û–∫–æ–Ω—á–∞–Ω–∏–µ —Ä–∞—Å—á–µ—Ç–∞ —Å—Ä–µ–¥–Ω–∏—Ö –ø–æ–∫–∞–∑–∞–µ–ª–µ–π –¥–ª—è –≥–æ—Ä–æ–¥–æ–≤.
root - INFO - –°–æ–∑—Ä–∞–Ω–µ–Ω–∏–µ –∏–Ω—Ñ–æ—Ä–º–∞—Ü–∏–∏ –≤ json-—Ñ–∞–π–ª.
root - INFO - –ü–æ–ª—É—á–µ–Ω–∏–µ –∏–Ω—Ñ–æ—Ä–º–∞—Ü–∏–∏ –æ —Å–∞–º–æ–º –±–ª–∞–≥–æ—Ä–ø—Ä–∏—Ç–Ω–æ–º(-—ã–º) –≥–æ—Ä–æ–¥–µ(-–∞—Ö) –¥–ª—è –ø–æ–µ–∑–¥–∫–∏.
root - INFO - –ù–∞—á–∞–ª–æ –ø—Ä–æ—Ü–µ—Å—Å–∞ –∞–Ω–∞–ª–∏–∑–∞.
root - INFO - –ü–æ–¥—Å—á–µ—Ç –ø–∞—Ä–∞–º–µ—Ç—Ä–æ–≤ –¥–ª—è –≥–æ—Ä–æ–¥–∞ MOSCOW.
root - INFO - –ü–æ–¥—Å—á–µ—Ç –ø–∞—Ä–∞–º–µ—Ç—Ä–æ–≤ –¥–ª—è –≥–æ—Ä–æ–¥–∞ MOSCOW –æ–∫–æ–Ω—á–µ–Ω.
root - INFO - –ü–æ–¥—Å—á–µ—Ç –ø–∞—Ä–∞–º–µ—Ç—Ä–æ–≤ –¥–ª—è –≥–æ—Ä–æ–¥–∞ PARIS.
root - INFO - –ü–æ–¥—Å—á–µ—Ç –ø–∞—Ä–∞–º–µ—Ç—Ä–æ–≤ –¥–ª—è –≥–æ—Ä–æ–¥–∞ PARIS –æ–∫–æ–Ω—á–µ–Ω.
root - INFO - –ü–æ–¥—Å—á–µ—Ç –ø–∞—Ä–∞–º–µ—Ç—Ä–æ–≤ –¥–ª—è –≥–æ—Ä–æ–¥–∞ LONDON.
root - INFO - –ü–æ–¥—Å—á–µ—Ç –ø–∞—Ä–∞–º–µ—Ç—Ä–æ–≤ –¥–ª—è –≥–æ—Ä–æ–¥–∞ LONDON –æ–∫–æ–Ω—á–µ–Ω.
root - INFO - –ü–æ–¥—Å—á–µ—Ç –ø–∞—Ä–∞–º–µ—Ç—Ä–æ–≤ –¥–ª—è –≥–æ—Ä–æ–¥–∞ BERLIN.
root - INFO - –ü–æ–¥—Å—á–µ—Ç –ø–∞—Ä–∞–º–µ—Ç—Ä–æ–≤ –¥–ª—è –≥–æ—Ä–æ–¥–∞ BERLIN –æ–∫–æ–Ω—á–µ–Ω.
root - INFO - –ü–æ–¥—Å—á–µ—Ç –ø–∞—Ä–∞–º–µ—Ç—Ä–æ–≤ –¥–ª—è –≥–æ—Ä–æ–¥–∞ BEIJING.
root - INFO - –ü–æ–¥—Å—á–µ—Ç –ø–∞—Ä–∞–º–µ—Ç—Ä–æ–≤ –¥–ª—è –≥–æ—Ä–æ–¥–∞ BEIJING –æ–∫–æ–Ω—á–µ–Ω.
root - INFO - –ü–æ–¥—Å—á–µ—Ç –ø–∞—Ä–∞–º–µ—Ç—Ä–æ–≤ –¥–ª—è –≥–æ—Ä–æ–¥–∞ KAZAN.
root - INFO - –ü–æ–¥—Å—á–µ—Ç –ø–∞—Ä–∞–º–µ—Ç—Ä–æ–≤ –¥–ª—è –≥–æ—Ä–æ–¥–∞ KAZAN –æ–∫–æ–Ω—á–µ–Ω.
root - INFO - –ü–æ–¥—Å—á–µ—Ç –ø–∞—Ä–∞–º–µ—Ç—Ä–æ–≤ –¥–ª—è –≥–æ—Ä–æ–¥–∞ SPETERSBURG.
root - INFO - –ü–æ–¥—Å—á–µ—Ç –ø–∞—Ä–∞–º–µ—Ç—Ä–æ–≤ –¥–ª—è –≥–æ—Ä–æ–¥–∞ SPETERSBURG –æ–∫–æ–Ω—á–µ–Ω.
root - INFO - –ü–æ–¥—Å—á–µ—Ç –ø–∞—Ä–∞–º–µ—Ç—Ä–æ–≤ –¥–ª—è –≥–æ—Ä–æ–¥–∞ VOLGOGRAD.
root - INFO - –ü–æ–¥—Å—á–µ—Ç –ø–∞—Ä–∞–º–µ—Ç—Ä–æ–≤ –¥–ª—è –≥–æ—Ä–æ–¥–∞ VOLGOGRAD –æ–∫–æ–Ω—á–µ–Ω.
root - INFO - –ü–æ–¥—Å—á–µ—Ç –ø–∞—Ä–∞–º–µ—Ç—Ä–æ–≤ –¥–ª—è –≥–æ—Ä–æ–¥–∞ NOVOSIBIRSK.
root - INFO - –ü–æ–¥—Å—á–µ—Ç –ø–∞—Ä–∞–º–µ—Ç—Ä–æ–≤ –¥–ª—è –≥–æ—Ä–æ–¥–∞ NOVOSIBIRSK –æ–∫–æ–Ω—á–µ–Ω.
root - INFO - –ü–æ–¥—Å—á–µ—Ç –ø–∞—Ä–∞–º–µ—Ç—Ä–æ–≤ –¥–ª—è –≥–æ—Ä–æ–¥–∞ KALININGRAD.
root - INFO - –ü–æ–¥—Å—á–µ—Ç –ø–∞—Ä–∞–º–µ—Ç—Ä–æ–≤ –¥–ª—è –≥–æ—Ä–æ–¥–∞ KALININGRAD –æ–∫–æ–Ω—á–µ–Ω.
root - INFO - –ü–æ–¥—Å—á–µ—Ç –ø–∞—Ä–∞–º–µ—Ç—Ä–æ–≤ –¥–ª—è –≥–æ—Ä–æ–¥–∞ ABUDHABI.
root - INFO - –ü–æ–¥—Å—á–µ—Ç –ø–∞—Ä–∞–º–µ—Ç—Ä–æ–≤ –¥–ª—è –≥–æ—Ä–æ–¥–∞ ABUDHABI –æ–∫–æ–Ω—á–µ–Ω.
root - INFO - –ü–æ–¥—Å—á–µ—Ç –ø–∞—Ä–∞–º–µ—Ç—Ä–æ–≤ –¥–ª—è –≥–æ—Ä–æ–¥–∞ WARSZAWA.
root - INFO - –ü–æ–¥—Å—á–µ—Ç –ø–∞—Ä–∞–º–µ—Ç—Ä–æ–≤ –¥–ª—è –≥–æ—Ä–æ–¥–∞ WARSZAWA –æ–∫–æ–Ω—á–µ–Ω.
root - INFO - –ü–æ–¥—Å—á–µ—Ç –ø–∞—Ä–∞–º–µ—Ç—Ä–æ–≤ –¥–ª—è –≥–æ—Ä–æ–¥–∞ BUCHAREST.
root - INFO - –ü–æ–¥—Å—á–µ—Ç –ø–∞—Ä–∞–º–µ—Ç—Ä–æ–≤ –¥–ª—è –≥–æ—Ä–æ–¥–∞ BUCHAREST –æ–∫–æ–Ω—á–µ–Ω.
root - INFO - –ü–æ–¥—Å—á–µ—Ç –ø–∞—Ä–∞–º–µ—Ç—Ä–æ–≤ –¥–ª—è –≥–æ—Ä–æ–¥–∞ ROMA.
root - INFO - –ü–æ–¥—Å—á–µ—Ç –ø–∞—Ä–∞–º–µ—Ç—Ä–æ–≤ –¥–ª—è –≥–æ—Ä–æ–¥–∞ ROMA –æ–∫–æ–Ω—á–µ–Ω.
root - INFO - –ü–æ–¥—Å—á–µ—Ç –ø–∞—Ä–∞–º–µ—Ç—Ä–æ–≤ –¥–ª—è –≥–æ—Ä–æ–¥–∞ CAIRO.
root - INFO - –ü–æ–¥—Å—á–µ—Ç –ø–∞—Ä–∞–º–µ—Ç—Ä–æ–≤ –¥–ª—è –≥–æ—Ä–æ–¥–∞ CAIRO –æ–∫–æ–Ω—á–µ–Ω.
root - INFO - –°–æ–∑–¥–∞–Ω–∏–µ –æ—á–µ—Ä–µ–¥–∏ –¥–ª—è –ø–æ–∏—Å–∫–∞ —Ñ–∞–≤–æ—Ä–∏—Ç–∞ —Å–ø–∏—Å–∫–∞.
root - INFO - –ü–æ–ª—É—á–µ–Ω–∏–µ —Å–∞–º–æ–≥–æ –±–ª–∞–≥–æ–ø—Ä–∏—è—Ç–Ω–æ–≥–æ –≥–æ—Ä–æ–¥–∞(-–æ–≤) –¥–ª—è –ø–æ–µ–∑–¥–∫–∏.
root - INFO - –í—ã–≤–æ–¥ —Ä–µ–∑—É—å—Ç–∞—Ç–∞.
ot - INFO - –°—Ä–µ–¥–Ω–∏–µ –ø–æ–∫–∞–∑–∞—Ç–µ–ª–∏ –≥–æ—Ä–æ–¥–∞ WARSZAWA –ø–æ–ª—É—á–µ–Ω—ã.
root - INFO - –°—Ä–µ–¥–Ω–∏–µ –ø–æ–∫–∞–∑–∞—Ç–µ–ª–∏ –≥–æ—Ä–æ–¥–∞ WARSZAWA –ø–æ–ª—É—á–µ–Ω—ã.
root - INFO - –°—Ä–µ–¥–Ω–∏–µ –ø–æ–∫–∞–∑–∞—Ç–µ–ª–∏ –≥–æ—Ä–æ–¥–∞ WARSZAWA –ø–æ–ª—É—á–µ–Ω—ã.
root - INFO - –°—Ä–µ–¥–Ω–∏–µ –ø–æ–∫–∞–∑–∞—Ç–µ–ª–∏ –≥–æ—Ä–æ–¥–∞ WARSZAWA –ø–æ–ª—É—á–µ–Ω—ã.
root - INFO - –°—Ä–µ–¥–Ω–∏–µ –ø–æ–∫–∞–∑–∞—Ç–µ–ª–∏ –≥–æ—Ä–æ–¥–∞ WARSZAWA –ø–æ–ª—É—á–µ–Ω—ã.
root - INFO - –ù–∞—á–∞–ª–æ —Ä–∞—Å—á–µ—Ç–∞ –¥–ª—è –≥–æ—Ä–æ–¥–∞ BUCHAREST.
root - INFO - –°—Ä–µ–¥–Ω–∏–µ –ø–æ–∫–∞–∑–∞—Ç–µ–ª–∏ –≥–æ—Ä–æ–¥–∞ BUCHAREST –ø–æ–ª—É—á–µ–Ω—ã.
root - INFO - –°—Ä–µ–¥–Ω–∏–µ –ø–æ–∫–∞–∑–∞—Ç–µ–ª–∏ –≥–æ—Ä–æ–¥–∞ BUCHAREST –ø–æ–ª—É—á–µ–Ω—ã.
root - INFO - –°—Ä–µ–¥–Ω–∏–µ –ø–æ–∫–∞–∑–∞—Ç–µ–ª–∏ –≥–æ—Ä–æ–¥–∞ BUCHAREST –ø–æ–ª—É—á–µ–Ω—ã.
root - INFO - –°—Ä–µ–¥–Ω–∏–µ –ø–æ–∫–∞–∑–∞—Ç–µ–ª–∏ –≥–æ—Ä–æ–¥–∞ BUCHAREST –ø–æ–ª—É—á–µ–Ω—ã.
root - INFO - –°—Ä–µ–¥–Ω–∏–µ –ø–æ–∫–∞–∑–∞—Ç–µ–ª–∏ –≥–æ—Ä–æ–¥–∞ BUCHAREST –ø–æ–ª—É—á–µ–Ω—ã.
root - INFO - –ù–∞—á–∞–ª–æ —Ä–∞—Å—á–µ—Ç–∞ –¥–ª—è –≥–æ—Ä–æ–¥–∞ ROMA.
root - INFO - –°—Ä–µ–¥–Ω–∏–µ –ø–æ–∫–∞–∑–∞—Ç–µ–ª–∏ –≥–æ—Ä–æ–¥–∞ ROMA –ø–æ–ª—É—á–µ–Ω—ã.
root - INFO - –°—Ä–µ–¥–Ω–∏–µ –ø–æ–∫–∞–∑–∞—Ç–µ–ª–∏ –≥–æ—Ä–æ–¥–∞ ROMA –ø–æ–ª—É—á–µ–Ω—ã.
root - INFO - –°—Ä–µ–¥–Ω–∏–µ –ø–æ–∫–∞–∑–∞—Ç–µ–ª–∏ –≥–æ—Ä–æ–¥–∞ ROMA –ø–æ–ª—É—á–µ–Ω—ã.
root - INFO - –°—Ä–µ–¥–Ω–∏–µ –ø–æ–∫–∞–∑–∞—Ç–µ–ª–∏ –≥–æ—Ä–æ–¥–∞ ROMA –ø–æ–ª—É—á–µ–Ω—ã.
root - INFO - –°—Ä–µ–¥–Ω–∏–µ –ø–æ–∫–∞–∑–∞—Ç–µ–ª–∏ –≥–æ—Ä–æ–¥–∞ ROMA –ø–æ–ª—É—á–µ–Ω—ã.
root - INFO - –ù–∞—á–∞–ª–æ —Ä–∞—Å—á–µ—Ç–∞ –¥–ª—è –≥–æ—Ä–æ–¥–∞ CAIRO.
root - INFO - –°—Ä–µ–¥–Ω–∏–µ –ø–æ–∫–∞–∑–∞—Ç–µ–ª–∏ –≥–æ—Ä–æ–¥–∞ CAIRO –ø–æ–ª—É—á–µ–Ω—ã.
root - INFO - –°—Ä–µ–¥–Ω–∏–µ –ø–æ–∫–∞–∑–∞—Ç–µ–ª–∏ –≥–æ—Ä–æ–¥–∞ CAIRO –ø–æ–ª—É—á–µ–Ω—ã.
root - INFO - –°—Ä–µ–¥–Ω–∏–µ –ø–æ–∫–∞–∑–∞—Ç–µ–ª–∏ –≥–æ—Ä–æ–¥–∞ CAIRO –ø–æ–ª—É—á–µ–Ω—ã.
root - INFO - –°—Ä–µ–¥–Ω–∏–µ –ø–æ–∫–∞–∑–∞—Ç–µ–ª–∏ –≥–æ—Ä–æ–¥–∞ CAIRO –ø–æ–ª—É—á–µ–Ω—ã.
root - INFO - –°—Ä–µ–¥–Ω–∏–µ –ø–æ–∫–∞–∑–∞—Ç–µ–ª–∏ –≥–æ—Ä–æ–¥–∞ CAIRO –ø–æ–ª—É—á–µ–Ω—ã.
root - INFO - –í—ã–æ–ª–Ω–µ–Ω–æ —Å–æ–∑–¥–∞–Ω–∏–µ —Ñ–∞–π–ª–∞.
